<?xml version="1.0" encoding="UTF-8"?>
<!-- Generated by org.testng.reporters.JUnitXMLReporter -->
<testsuite hostname="DESKTOP-KL0OQDB" ignored="2" name="Test" tests="4" failures="0" timestamp="21 Oct 2021 00:20:58 GMT" time="0.065" errors="0">
  <testcase name="Apache1" time="0.013" classname="com.simple.testng.GroupTesting"/>
  <testcase name="Apache2" time="0.002" classname="com.simple.testng.GroupTesting"/>
  <testcase name="selenium1" time="0.002" classname="com.simple.testng.GroupTesting"/>
  <testcase name="selenium2" time="0.002" classname="com.simple.testng.GroupTesting"/>
  <testcase name="github1" time="0.0" classname="com.simple.testng.GroupTesting">
    <ignored/>
  </testcase> <!-- github1 -->
  <testcase name="github2" time="0.0" classname="com.simple.testng.GroupTesting">
    <ignored/>
  </testcase> <!-- github2 -->
</testsuite> <!-- Test -->
